<?xml version="1.0" encoding="UTF-8"?>
<!-- Generated by org.testng.reporters.JUnitReportReporter -->
<testsuite hostname="B2BWLBLR0174" failures="0" tests="2" name="com.eqms.EnqMS.APITest" time="3.226" errors="0" timestamp="2025-01-29T15:19:36 IST" skipped="0">
  <testcase classname="com.eqms.EnqMS.APITest" name="testAPI" time="2.974"/>
  <testcase classname="com.eqms.EnqMS.APITest" name="testAPI" time="0.252"/>
</testsuite> <!-- com.eqms.EnqMS.APITest -->
